c:\users\strai\source\repos\vtkqtdicom\qtdicomvtk\x64\release\moc_qtdicomvtk.obj
c:\users\strai\source\repos\vtkqtdicom\qtdicomvtk\x64\release\qrc_qtdicomvtk.obj
c:\users\strai\source\repos\vtkqtdicom\qtdicomvtk\x64\release\main.obj
c:\users\strai\source\repos\vtkqtdicom\qtdicomvtk\x64\release\qtdicomvtk.obj
c:\users\strai\source\repos\vtkqtdicom\qtdicomvtk\x64\release\qtdicomvtk.exe
c:\users\strai\source\repos\vtkqtdicom\qtdicomvtk\x64\release\moc\moc_qtdicomvtk.cpp
c:\users\strai\source\repos\vtkqtdicom\qtdicomvtk\x64\release\uic\ui_qtdicomvtk.h
c:\users\strai\source\repos\vtkqtdicom\qtdicomvtk\x64\release\rcc\qrc_qtdicomvtk.cpp
c:\users\strai\source\repos\vtkqtdicom\qtdicomvtk\x64\release\qtdicomvtk.tlog\cl.14624.write.1.tlog
c:\users\strai\source\repos\vtkqtdicom\qtdicomvtk\x64\release\qtdicomvtk.tlog\cl.command.1.tlog
c:\users\strai\source\repos\vtkqtdicom\qtdicomvtk\x64\release\qtdicomvtk.tlog\cl.read.1.tlog
c:\users\strai\source\repos\vtkqtdicom\qtdicomvtk\x64\release\qtdicomvtk.tlog\link.command.1.tlog
c:\users\strai\source\repos\vtkqtdicom\qtdicomvtk\x64\release\qtdicomvtk.tlog\link.read.1.tlog
c:\users\strai\source\repos\vtkqtdicom\qtdicomvtk\x64\release\qtdicomvtk.tlog\link.write.1.tlog
c:\users\strai\source\repos\vtkqtdicom\qtdicomvtk\x64\release\qtdicomvtk.tlog\moc.read.1u.tlog
c:\users\strai\source\repos\vtkqtdicom\qtdicomvtk\x64\release\qtdicomvtk.tlog\moc.write.1u.tlog
c:\users\strai\source\repos\vtkqtdicom\qtdicomvtk\x64\release\qtdicomvtk.tlog\qtdicomvtk.write.1u.tlog
c:\users\strai\source\repos\vtkqtdicom\qtdicomvtk\x64\release\qtdicomvtk.tlog\rcc.read.1u.tlog
c:\users\strai\source\repos\vtkqtdicom\qtdicomvtk\x64\release\qtdicomvtk.tlog\rcc.write.1u.tlog
c:\users\strai\source\repos\vtkqtdicom\qtdicomvtk\x64\release\qtdicomvtk.tlog\uic.read.1u.tlog
c:\users\strai\source\repos\vtkqtdicom\qtdicomvtk\x64\release\qtdicomvtk.tlog\uic.write.1u.tlog
